\BOOKMARK [1][-]{section.1}{Resumen}{}% 1
\BOOKMARK [1][-]{section.2}{Introducci\363n}{}% 2
\BOOKMARK [1][-]{section.3}{Preliminares}{}% 3
\BOOKMARK [1][-]{section.4}{El Tipo Grafo}{}% 4
\BOOKMARK [2][-]{subsection.4.1}{create\137graph\(\)}{section.4}% 5
\BOOKMARK [2][-]{subsection.4.2}{insert\137vertex\(G, info\)}{section.4}% 6
\BOOKMARK [2][-]{subsection.4.3}{remove\137vertex\(G, v\)}{section.4}% 7
\BOOKMARK [2][-]{subsection.4.4}{add\137edge\(G, v, w\)}{section.4}% 8
\BOOKMARK [2][-]{subsection.4.5}{remove\137edge\(G, v, w\)}{section.4}% 9
\BOOKMARK [2][-]{subsection.4.6}{add\137vertex\(G, info, N\)}{section.4}% 10
\BOOKMARK [2][-]{subsection.4.7}{[basicstyle=]@vertices\(G\)@}{section.4}% 11
\BOOKMARK [2][-]{subsection.4.8}{[basicstyle=]@neighbors\(G, v\)@}{section.4}% 12
\BOOKMARK [2][-]{subsection.4.9}{[basicstyle=]@Hneighbors\(G, v\)@}{section.4}% 13
\BOOKMARK [2][-]{subsection.4.10}{[basicstyle=]@degree\(G, v\)@}{section.4}% 14
\BOOKMARK [1][-]{section.5}{La estructura h-grafo}{}% 15
\BOOKMARK [2][-]{subsection.5.1}{G.insert\137vertex\(N, info\)}{section.5}% 16
\BOOKMARK [2][-]{subsection.5.2}{G.insert\137edge\(v, w\)}{section.5}% 17
\BOOKMARK [2][-]{subsection.5.3}{G.remove\137edge\(v,w\)}{section.5}% 18
\BOOKMARK [1][-]{section.6}{Implementaci\363n en C ++}{}% 19
\BOOKMARK [2][-]{subsection.6.1}{Interfaz de C++}{section.6}% 20
\BOOKMARK [2][-]{subsection.6.2}{Estructura en C++}{section.6}% 21
\BOOKMARK [3][-]{subsubsection.6.2.1}{Graph \(Graph.h\)}{subsection.6.2}% 22
\BOOKMARK [3][-]{subsubsection.6.2.2}{Vertex \(Vertex.h\)}{subsection.6.2}% 23
